  [1m[35m (99.0ms)[0m  [1m[35mCREATE TABLE "schema_migrations" ("version" varchar NOT NULL PRIMARY KEY)[0m
  [1m[35m (81.9ms)[0m  [1m[35mCREATE TABLE "ar_internal_metadata" ("key" varchar NOT NULL PRIMARY KEY, "value" varchar, "created_at" datetime NOT NULL, "updated_at" datetime NOT NULL)[0m
  [1m[36mActiveRecord::SchemaMigration Load (0.6ms)[0m  [1m[34mSELECT "schema_migrations".* FROM "schema_migrations"[0m
Migrating to CreatePosts (20161126135859)
  [1m[35m (0.2ms)[0m  [1m[36mbegin transaction[0m
  [1m[35m (3.2ms)[0m  [1m[35mCREATE TABLE "posts" ("id" INTEGER PRIMARY KEY AUTOINCREMENT NOT NULL, "title" varchar, "context" text, "created_at" datetime NOT NULL, "updated_at" datetime NOT NULL)[0m
  [1m[35mSQL (0.5ms)[0m  [1m[32mINSERT INTO "schema_migrations" ("version") VALUES (?)[0m  [["version", "20161126135859"]]
  [1m[35m (80.6ms)[0m  [1m[36mcommit transaction[0m
  [1m[36mActiveRecord::InternalMetadata Load (0.5ms)[0m  [1m[34mSELECT  "ar_internal_metadata".* FROM "ar_internal_metadata" WHERE "ar_internal_metadata"."key" = ? LIMIT ?[0m  [["key", :environment], ["LIMIT", 1]]
  [1m[35m (0.3ms)[0m  [1m[36mbegin transaction[0m
  [1m[35mSQL (0.7ms)[0m  [1m[32mINSERT INTO "ar_internal_metadata" ("key", "value", "created_at", "updated_at") VALUES (?, ?, ?, ?)[0m  [["key", "environment"], ["value", "development"], ["created_at", 2016-11-26 13:59:26 UTC], ["updated_at", 2016-11-26 13:59:26 UTC]]
  [1m[35m (47.5ms)[0m  [1m[36mcommit transaction[0m
  [1m[36mActiveRecord::SchemaMigration Load (0.4ms)[0m  [1m[34mSELECT "schema_migrations".* FROM "schema_migrations"[0m
Started GET "/" for 127.0.0.1 at 2016-11-26 19:29:56 +0530
  [1m[36mActiveRecord::SchemaMigration Load (0.6ms)[0m  [1m[34mSELECT "schema_migrations".* FROM "schema_migrations"[0m
Processing by Rails::WelcomeController#index as HTML
  Parameters: {"internal"=>true}
  Rendering /var/lib/gems/2.3.0/gems/railties-5.0.0.1/lib/rails/templates/rails/welcome/index.html.erb
  Rendered /var/lib/gems/2.3.0/gems/railties-5.0.0.1/lib/rails/templates/rails/welcome/index.html.erb (28.6ms)
Completed 200 OK in 103ms (Views: 43.6ms | ActiveRecord: 0.0ms)


Started GET "/posts" for 127.0.0.1 at 2016-11-26 19:30:03 +0530
Processing by PostsController#index as HTML
  Rendering posts/index.html.erb within layouts/application
  [1m[36mPost Load (0.5ms)[0m  [1m[34mSELECT "posts".* FROM "posts"[0m
  Rendered posts/index.html.erb within layouts/application (28.0ms)
Completed 200 OK in 3476ms (Views: 3460.3ms | ActiveRecord: 1.4ms)


Started GET "/" for 127.0.0.1 at 2016-11-26 19:31:08 +0530
Processing by PostsController#index as HTML
  Rendering posts/index.html.erb within layouts/application
  [1m[36mPost Load (1.6ms)[0m  [1m[34mSELECT "posts".* FROM "posts"[0m
  Rendered posts/index.html.erb within layouts/application (14.2ms)
Completed 200 OK in 167ms (Views: 149.9ms | ActiveRecord: 2.6ms)


Started GET "/" for 127.0.0.1 at 2016-11-26 19:46:58 +0530
Processing by PostsController#index as HTML
  Rendering posts/index.html.erb within layouts/application
  [1m[36mPost Load (0.5ms)[0m  [1m[34mSELECT "posts".* FROM "posts"[0m
  Rendered collection of templates [0 times] (0.1ms)
  Rendered posts/index.html.erb within layouts/application (193.3ms)
Completed 500 Internal Server Error in 255ms (ActiveRecord: 4.2ms)


  
ActionView::Template::Error (undefined method `content' for #<Post:0x007fd261269770>
Did you mean?  context
               context?
               context=):
    35:               </div>
    36:               <div class="field">
    37:                 <%= f.label :content %><br>
    38:                 <%= f.text_area :content, class: "form-control post_content" %>
    39:               </div>
    40:             </div>
    41: 
  
app/views/posts/index.html.erb:38:in `block in _app_views_posts_index_html_erb__3217009423114820421_70270776105200'
app/views/posts/index.html.erb:21:in `_app_views_posts_index_html_erb__3217009423114820421_70270776105200'
  Rendering /var/lib/gems/2.3.0/gems/actionpack-5.0.0.1/lib/action_dispatch/middleware/templates/rescues/template_error.html.erb within rescues/layout
  Rendering /var/lib/gems/2.3.0/gems/actionpack-5.0.0.1/lib/action_dispatch/middleware/templates/rescues/_source.html.erb
  Rendered /var/lib/gems/2.3.0/gems/actionpack-5.0.0.1/lib/action_dispatch/middleware/templates/rescues/_source.html.erb (25.8ms)
  Rendering /var/lib/gems/2.3.0/gems/actionpack-5.0.0.1/lib/action_dispatch/middleware/templates/rescues/_trace.html.erb
  Rendered /var/lib/gems/2.3.0/gems/actionpack-5.0.0.1/lib/action_dispatch/middleware/templates/rescues/_trace.html.erb (9.7ms)
  Rendering /var/lib/gems/2.3.0/gems/actionpack-5.0.0.1/lib/action_dispatch/middleware/templates/rescues/_request_and_response.html.erb
  Rendered /var/lib/gems/2.3.0/gems/actionpack-5.0.0.1/lib/action_dispatch/middleware/templates/rescues/_request_and_response.html.erb (3.3ms)
  Rendered /var/lib/gems/2.3.0/gems/actionpack-5.0.0.1/lib/action_dispatch/middleware/templates/rescues/template_error.html.erb within rescues/layout (128.7ms)
Started GET "/" for 127.0.0.1 at 2016-11-26 19:47:48 +0530
Processing by PostsController#index as HTML
  Rendering posts/index.html.erb within layouts/application
  [1m[36mPost Load (1.0ms)[0m  [1m[34mSELECT "posts".* FROM "posts"[0m
  Rendered collection of templates [0 times] (0.1ms)
  Rendered posts/index.html.erb within layouts/application (39.3ms)
Completed 500 Internal Server Error in 52ms (ActiveRecord: 1.0ms)


  
ActionView::Template::Error (undefined method `content' for #<Post:0x007fd261d8a690>
Did you mean?  context
               context?
               context=):
    35:               </div>
    36:               <div class="field">
    37:                 <%= f.label :content %><br>
    38:                 <%= f.text_area :content, class: "form-control post_context" %>
    39:               </div>
    40:             </div>
    41: 
  
app/views/posts/index.html.erb:38:in `block in _app_views_posts_index_html_erb__3217009423114820421_70270780721260'
app/views/posts/index.html.erb:21:in `_app_views_posts_index_html_erb__3217009423114820421_70270780721260'
  Rendering /var/lib/gems/2.3.0/gems/actionpack-5.0.0.1/lib/action_dispatch/middleware/templates/rescues/template_error.html.erb within rescues/layout
  Rendering /var/lib/gems/2.3.0/gems/actionpack-5.0.0.1/lib/action_dispatch/middleware/templates/rescues/_source.html.erb
  Rendered /var/lib/gems/2.3.0/gems/actionpack-5.0.0.1/lib/action_dispatch/middleware/templates/rescues/_source.html.erb (25.7ms)
  Rendering /var/lib/gems/2.3.0/gems/actionpack-5.0.0.1/lib/action_dispatch/middleware/templates/rescues/_trace.html.erb
  Rendered /var/lib/gems/2.3.0/gems/actionpack-5.0.0.1/lib/action_dispatch/middleware/templates/rescues/_trace.html.erb (9.0ms)
  Rendering /var/lib/gems/2.3.0/gems/actionpack-5.0.0.1/lib/action_dispatch/middleware/templates/rescues/_request_and_response.html.erb
  Rendered /var/lib/gems/2.3.0/gems/actionpack-5.0.0.1/lib/action_dispatch/middleware/templates/rescues/_request_and_response.html.erb (2.8ms)
  Rendered /var/lib/gems/2.3.0/gems/actionpack-5.0.0.1/lib/action_dispatch/middleware/templates/rescues/template_error.html.erb within rescues/layout (96.5ms)
Started GET "/" for 127.0.0.1 at 2016-11-26 19:48:43 +0530
Processing by PostsController#index as HTML
  Rendering posts/index.html.erb within layouts/application
  [1m[36mPost Load (0.9ms)[0m  [1m[34mSELECT "posts".* FROM "posts"[0m
  Rendered collection of templates [0 times] (0.1ms)
  Rendered posts/index.html.erb within layouts/application (11.0ms)
Completed 200 OK in 94ms (Views: 87.6ms | ActiveRecord: 0.9ms)


Started POST "/posts" for 127.0.0.1 at 2016-11-26 19:50:23 +0530
Processing by PostsController#create as JS
  Parameters: {"utf8"=>"✓", "post"=>{"title"=>"First", "context"=>"akajdjad aadak cakcjakc"}, "commit"=>"Create"}
  [1m[35m (0.3ms)[0m  [1m[36mbegin transaction[0m
  [1m[35mSQL (1.0ms)[0m  [1m[32mINSERT INTO "posts" ("title", "context", "created_at", "updated_at") VALUES (?, ?, ?, ?)[0m  [["title", "First"], ["context", "akajdjad aadak cakcjakc"], ["created_at", 2016-11-26 14:20:23 UTC], ["updated_at", 2016-11-26 14:20:23 UTC]]
  [1m[35m (67.4ms)[0m  [1m[36mcommit transaction[0m
Redirected to http://localhost:3000/posts/1
Completed 200 OK in 94ms (ActiveRecord: 68.7ms)


Started GET "/posts/1" for 127.0.0.1 at 2016-11-26 19:50:23 +0530
Processing by PostsController#show as HTML
  Parameters: {"id"=>"1"}
  [1m[36mPost Load (1.2ms)[0m  [1m[34mSELECT  "posts".* FROM "posts" WHERE "posts"."id" = ? LIMIT ?[0m  [["id", 1], ["LIMIT", 1]]
  Rendering posts/show.html.erb within layouts/application
  Rendered posts/show.html.erb within layouts/application (5.5ms)
Completed 200 OK in 123ms (Views: 87.9ms | ActiveRecord: 1.2ms)


Started GET "/posts" for 127.0.0.1 at 2016-11-26 19:50:25 +0530
Processing by PostsController#index as HTML
  Rendering posts/index.html.erb within layouts/application
  [1m[36mPost Load (1.6ms)[0m  [1m[34mSELECT "posts".* FROM "posts"[0m
  Rendered collection of posts/_post.html.erb [1 times] (38.8ms)
  Rendered posts/index.html.erb within layouts/application (49.5ms)
Completed 500 Internal Server Error in 60ms (ActiveRecord: 1.6ms)


  
ActionView::Template::Error (undefined method `content' for #<Post:0x00000004891918>
Did you mean?  context
               context?
               context=):
    4: 
    5:                   <div class="panel-heading">
    6:                     <h3 class="panel-title"><%= post.title %></h3>
    7:                     <p><%= post.content %></p>
    8:                   </div>
    9: 
   10:                   <div class="panel-body"><!-- Panel Body -->
  
app/views/posts/_post.html.erb:7:in `_app_views_posts__post_html_erb___1822948560750979119_37996480'
app/views/posts/index.html.erb:16:in `_app_views_posts_index_html_erb__3217009423114820421_38561480'
  Rendering /var/lib/gems/2.3.0/gems/actionpack-5.0.0.1/lib/action_dispatch/middleware/templates/rescues/template_error.html.erb within rescues/layout
  Rendering /var/lib/gems/2.3.0/gems/actionpack-5.0.0.1/lib/action_dispatch/middleware/templates/rescues/_source.html.erb
  Rendered /var/lib/gems/2.3.0/gems/actionpack-5.0.0.1/lib/action_dispatch/middleware/templates/rescues/_source.html.erb (26.2ms)
  Rendering /var/lib/gems/2.3.0/gems/actionpack-5.0.0.1/lib/action_dispatch/middleware/templates/rescues/_trace.html.erb
  Rendered /var/lib/gems/2.3.0/gems/actionpack-5.0.0.1/lib/action_dispatch/middleware/templates/rescues/_trace.html.erb (8.7ms)
  Rendering /var/lib/gems/2.3.0/gems/actionpack-5.0.0.1/lib/action_dispatch/middleware/templates/rescues/_request_and_response.html.erb
  Rendered /var/lib/gems/2.3.0/gems/actionpack-5.0.0.1/lib/action_dispatch/middleware/templates/rescues/_request_and_response.html.erb (3.9ms)
  Rendered /var/lib/gems/2.3.0/gems/actionpack-5.0.0.1/lib/action_dispatch/middleware/templates/rescues/template_error.html.erb within rescues/layout (100.9ms)
Started GET "/posts" for 127.0.0.1 at 2016-11-26 19:51:21 +0530
Processing by PostsController#index as HTML
  Rendering posts/index.html.erb within layouts/application
  [1m[36mPost Load (1.1ms)[0m  [1m[34mSELECT "posts".* FROM "posts"[0m
  Rendered collection of posts/_post.html.erb [1 times] (32.6ms)
  Rendered posts/index.html.erb within layouts/application (40.1ms)
Completed 500 Internal Server Error in 51ms (ActiveRecord: 1.1ms)


  
ActionView::Template::Error (undefined method `content' for #<Post:0x007fd261b8d4a0>
Did you mean?  context
               context?
               context=):
    4: 
    5:                   <div class="panel-heading">
    6:                     <h3 class="panel-title"><%= post.title %></h3>
    7:                     <p><%= post.content %></p>
    8:                   </div>
    9: 
   10:                   <div class="panel-body"><!-- Panel Body -->
  
app/views/posts/_post.html.erb:7:in `_app_views_posts__post_html_erb___1822948560750979119_70270779649740'
app/views/posts/index.html.erb:16:in `_app_views_posts_index_html_erb__3217009423114820421_70270779821540'
  Rendering /var/lib/gems/2.3.0/gems/actionpack-5.0.0.1/lib/action_dispatch/middleware/templates/rescues/template_error.html.erb within rescues/layout
  Rendering /var/lib/gems/2.3.0/gems/actionpack-5.0.0.1/lib/action_dispatch/middleware/templates/rescues/_source.html.erb
  Rendered /var/lib/gems/2.3.0/gems/actionpack-5.0.0.1/lib/action_dispatch/middleware/templates/rescues/_source.html.erb (26.8ms)
  Rendering /var/lib/gems/2.3.0/gems/actionpack-5.0.0.1/lib/action_dispatch/middleware/templates/rescues/_trace.html.erb
  Rendered /var/lib/gems/2.3.0/gems/actionpack-5.0.0.1/lib/action_dispatch/middleware/templates/rescues/_trace.html.erb (9.0ms)
  Rendering /var/lib/gems/2.3.0/gems/actionpack-5.0.0.1/lib/action_dispatch/middleware/templates/rescues/_request_and_response.html.erb
  Rendered /var/lib/gems/2.3.0/gems/actionpack-5.0.0.1/lib/action_dispatch/middleware/templates/rescues/_request_and_response.html.erb (3.0ms)
  Rendered /var/lib/gems/2.3.0/gems/actionpack-5.0.0.1/lib/action_dispatch/middleware/templates/rescues/template_error.html.erb within rescues/layout (99.9ms)
Started GET "/posts" for 127.0.0.1 at 2016-11-26 19:51:52 +0530
Processing by PostsController#index as HTML
  Rendering posts/index.html.erb within layouts/application
  [1m[36mPost Load (1.0ms)[0m  [1m[34mSELECT "posts".* FROM "posts"[0m
  Rendered collection of posts/_post.html.erb [1 times] (9.9ms)
  Rendered posts/index.html.erb within layouts/application (20.4ms)
Completed 200 OK in 115ms (Views: 109.1ms | ActiveRecord: 1.0ms)


Started DELETE "/posts/1" for 127.0.0.1 at 2016-11-26 20:32:07 +0530
Processing by PostsController#destroy as JS
  Parameters: {"id"=>"1"}
  [1m[36mPost Load (0.4ms)[0m  [1m[34mSELECT  "posts".* FROM "posts" WHERE "posts"."id" = ? LIMIT ?[0m  [["id", 1], ["LIMIT", 1]]
  [1m[35m (0.3ms)[0m  [1m[36mbegin transaction[0m
  [1m[35mSQL (0.7ms)[0m  [1m[31mDELETE FROM "posts" WHERE "posts"."id" = ?[0m  [["id", 1]]
  [1m[35m (117.8ms)[0m  [1m[36mcommit transaction[0m
Redirected to http://localhost:3000/posts
Completed 200 OK in 158ms (ActiveRecord: 121.6ms)


Started GET "/posts" for 127.0.0.1 at 2016-11-26 20:32:08 +0530
Processing by PostsController#index as HTML
  Rendering posts/index.html.erb within layouts/application
  [1m[36mPost Load (0.7ms)[0m  [1m[34mSELECT "posts".* FROM "posts"[0m
  Rendered collection of templates [0 times] (0.1ms)
  Rendered posts/index.html.erb within layouts/application (14.2ms)
Completed 200 OK in 140ms (Views: 134.2ms | ActiveRecord: 0.7ms)


Started GET "/" for 127.0.0.1 at 2016-11-26 20:32:12 +0530
Processing by PostsController#index as HTML
  Rendering posts/index.html.erb within layouts/application
  [1m[36mPost Load (0.5ms)[0m  [1m[34mSELECT "posts".* FROM "posts"[0m
  Rendered collection of templates [0 times] (0.0ms)
  Rendered posts/index.html.erb within layouts/application (8.8ms)
Completed 200 OK in 87ms (Views: 81.9ms | ActiveRecord: 0.5ms)


Started POST "/posts" for 127.0.0.1 at 2016-11-26 20:32:37 +0530
Processing by PostsController#create as JS
  Parameters: {"utf8"=>"✓", "post"=>{"title"=>"First", "context"=>"aaajam acacjsajc"}, "commit"=>"Create"}
  [1m[35m (0.2ms)[0m  [1m[36mbegin transaction[0m
  [1m[35mSQL (4.4ms)[0m  [1m[32mINSERT INTO "posts" ("title", "context", "created_at", "updated_at") VALUES (?, ?, ?, ?)[0m  [["title", "First"], ["context", "aaajam acacjsajc"], ["created_at", 2016-11-26 15:02:37 UTC], ["updated_at", 2016-11-26 15:02:37 UTC]]
  [1m[35m (120.4ms)[0m  [1m[36mcommit transaction[0m
  Rendering posts/create.js.erb
  Rendered posts/_post.html.erb (8.8ms)
  Rendered posts/create.js.erb (340.0ms)
Completed 500 Internal Server Error in 490ms (ActiveRecord: 125.0ms)


  
ActionView::Template::Error (undefined local variable or method `post' for #<#<Class:0x007fd26115ef10>:0x0000000374dc88>
Did you mean?  @post):
    3: $(".post_context").val('');
    4: 
    5: $("container_posts").prepend('<%= j render @post %>');
    6: $("post_<%=post.id %>").hide().fadeIn(1000);
  
app/views/posts/create.js.erb:6:in `_app_views_posts_create_js_erb___140318161430478458_30380700'
  Rendering /var/lib/gems/2.3.0/gems/actionpack-5.0.0.1/lib/action_dispatch/middleware/templates/rescues/template_error.text.erb
  Rendering /var/lib/gems/2.3.0/gems/actionpack-5.0.0.1/lib/action_dispatch/middleware/templates/rescues/_trace.text.erb
  Rendered /var/lib/gems/2.3.0/gems/actionpack-5.0.0.1/lib/action_dispatch/middleware/templates/rescues/_trace.text.erb (4.5ms)
  Rendering /var/lib/gems/2.3.0/gems/actionpack-5.0.0.1/lib/action_dispatch/middleware/templates/rescues/_request_and_response.text.erb
  Rendered /var/lib/gems/2.3.0/gems/actionpack-5.0.0.1/lib/action_dispatch/middleware/templates/rescues/_request_and_response.text.erb (3.6ms)
  Rendered /var/lib/gems/2.3.0/gems/actionpack-5.0.0.1/lib/action_dispatch/middleware/templates/rescues/template_error.text.erb (55.5ms)
Started POST "/posts" for 127.0.0.1 at 2016-11-26 20:32:49 +0530
Processing by PostsController#create as JS
  Parameters: {"utf8"=>"✓", "post"=>{"title"=>"First", "context"=>"aaajam acacjsajc"}, "commit"=>"Create"}
  [1m[35m (5.0ms)[0m  [1m[36mbegin transaction[0m
  [1m[35mSQL (2.8ms)[0m  [1m[32mINSERT INTO "posts" ("title", "context", "created_at", "updated_at") VALUES (?, ?, ?, ?)[0m  [["title", "First"], ["context", "aaajam acacjsajc"], ["created_at", 2016-11-26 15:02:49 UTC], ["updated_at", 2016-11-26 15:02:49 UTC]]
  [1m[35m (123.2ms)[0m  [1m[36mcommit transaction[0m
  Rendering posts/create.js.erb
  Rendered posts/_post.html.erb (12.1ms)
  Rendered posts/create.js.erb (444.0ms)
Completed 500 Internal Server Error in 600ms (ActiveRecord: 131.0ms)


  
ActionView::Template::Error (undefined local variable or method `post' for #<#<Class:0x007fd26115ef10>:0x007fd260ad0f18>
Did you mean?  @post):
    3: $(".post_context").val('');
    4: 
    5: $("container_posts").prepend('<%= j render @post %>');
    6: $("post_<%=post.id %>").hide().fadeIn(1000);
  
app/views/posts/create.js.erb:6:in `_app_views_posts_create_js_erb___140318161430478458_70270770910020'
  Rendering /var/lib/gems/2.3.0/gems/actionpack-5.0.0.1/lib/action_dispatch/middleware/templates/rescues/template_error.text.erb
  Rendering /var/lib/gems/2.3.0/gems/actionpack-5.0.0.1/lib/action_dispatch/middleware/templates/rescues/_trace.text.erb
  Rendered /var/lib/gems/2.3.0/gems/actionpack-5.0.0.1/lib/action_dispatch/middleware/templates/rescues/_trace.text.erb (2.1ms)
  Rendering /var/lib/gems/2.3.0/gems/actionpack-5.0.0.1/lib/action_dispatch/middleware/templates/rescues/_request_and_response.text.erb
  Rendered /var/lib/gems/2.3.0/gems/actionpack-5.0.0.1/lib/action_dispatch/middleware/templates/rescues/_request_and_response.text.erb (2.7ms)
  Rendered /var/lib/gems/2.3.0/gems/actionpack-5.0.0.1/lib/action_dispatch/middleware/templates/rescues/template_error.text.erb (44.5ms)
Started POST "/posts" for 127.0.0.1 at 2016-11-26 20:33:51 +0530
Processing by PostsController#create as JS
  Parameters: {"utf8"=>"✓", "post"=>{"title"=>"First", "context"=>"aaajam acacjsajc"}, "commit"=>"Create"}
  [1m[35m (0.3ms)[0m  [1m[36mbegin transaction[0m
  [1m[35mSQL (4.3ms)[0m  [1m[32mINSERT INTO "posts" ("title", "context", "created_at", "updated_at") VALUES (?, ?, ?, ?)[0m  [["title", "First"], ["context", "aaajam acacjsajc"], ["created_at", 2016-11-26 15:03:51 UTC], ["updated_at", 2016-11-26 15:03:51 UTC]]
  [1m[35m (62.3ms)[0m  [1m[36mcommit transaction[0m
  Rendering posts/create.js.erb
  Rendered posts/_post.html.erb (8.3ms)
  Rendered posts/create.js.erb (13.4ms)
Completed 200 OK in 106ms (Views: 19.6ms | ActiveRecord: 66.9ms)


Started GET "/posts" for 127.0.0.1 at 2016-11-26 20:34:06 +0530
Processing by PostsController#index as HTML
  Rendering posts/index.html.erb within layouts/application
  [1m[36mPost Load (1.0ms)[0m  [1m[34mSELECT "posts".* FROM "posts"[0m
  Rendered collection of posts/_post.html.erb [3 times] (22.6ms)
  Rendered posts/index.html.erb within layouts/application (35.5ms)
Completed 200 OK in 109ms (Views: 103.9ms | ActiveRecord: 1.0ms)


Started DELETE "/posts/2" for 127.0.0.1 at 2016-11-26 20:34:29 +0530
Processing by PostsController#destroy as JS
  Parameters: {"id"=>"2"}
  [1m[36mPost Load (0.4ms)[0m  [1m[34mSELECT  "posts".* FROM "posts" WHERE "posts"."id" = ? LIMIT ?[0m  [["id", 2], ["LIMIT", 1]]
  [1m[35m (0.2ms)[0m  [1m[36mbegin transaction[0m
  [1m[35mSQL (0.7ms)[0m  [1m[31mDELETE FROM "posts" WHERE "posts"."id" = ?[0m  [["id", 2]]
  [1m[35m (187.2ms)[0m  [1m[36mcommit transaction[0m
Redirected to http://localhost:3000/posts
Completed 200 OK in 199ms (ActiveRecord: 188.4ms)


Started GET "/posts" for 127.0.0.1 at 2016-11-26 20:34:29 +0530
Processing by PostsController#index as HTML
  Rendering posts/index.html.erb within layouts/application
  [1m[36mPost Load (0.6ms)[0m  [1m[34mSELECT "posts".* FROM "posts"[0m
  Rendered collection of posts/_post.html.erb [2 times] (19.9ms)
  Rendered posts/index.html.erb within layouts/application (33.0ms)
Completed 200 OK in 116ms (Views: 112.0ms | ActiveRecord: 0.6ms)


Started DELETE "/posts/3" for 127.0.0.1 at 2016-11-26 20:34:31 +0530
Processing by PostsController#destroy as JS
  Parameters: {"id"=>"3"}
  [1m[36mPost Load (0.3ms)[0m  [1m[34mSELECT  "posts".* FROM "posts" WHERE "posts"."id" = ? LIMIT ?[0m  [["id", 3], ["LIMIT", 1]]
  [1m[35m (0.2ms)[0m  [1m[36mbegin transaction[0m
  [1m[35mSQL (2.6ms)[0m  [1m[31mDELETE FROM "posts" WHERE "posts"."id" = ?[0m  [["id", 3]]
  [1m[35m (110.4ms)[0m  [1m[36mcommit transaction[0m
Redirected to http://localhost:3000/posts
Completed 200 OK in 126ms (ActiveRecord: 113.4ms)


Started GET "/posts" for 127.0.0.1 at 2016-11-26 20:34:31 +0530
Processing by PostsController#index as HTML
  Rendering posts/index.html.erb within layouts/application
  [1m[36mPost Load (0.7ms)[0m  [1m[34mSELECT "posts".* FROM "posts"[0m
  Rendered collection of posts/_post.html.erb [1 times] (13.1ms)
  Rendered posts/index.html.erb within layouts/application (32.6ms)
Completed 200 OK in 120ms (Views: 114.9ms | ActiveRecord: 0.7ms)


Started DELETE "/posts/4" for 127.0.0.1 at 2016-11-26 20:34:33 +0530
Processing by PostsController#destroy as JS
  Parameters: {"id"=>"4"}
  [1m[36mPost Load (0.4ms)[0m  [1m[34mSELECT  "posts".* FROM "posts" WHERE "posts"."id" = ? LIMIT ?[0m  [["id", 4], ["LIMIT", 1]]
  [1m[35m (0.2ms)[0m  [1m[36mbegin transaction[0m
  [1m[35mSQL (0.6ms)[0m  [1m[31mDELETE FROM "posts" WHERE "posts"."id" = ?[0m  [["id", 4]]
  [1m[35m (96.8ms)[0m  [1m[36mcommit transaction[0m
Redirected to http://localhost:3000/posts
Completed 200 OK in 112ms (ActiveRecord: 98.0ms)


Started GET "/posts" for 127.0.0.1 at 2016-11-26 20:34:33 +0530
Processing by PostsController#index as HTML
  Rendering posts/index.html.erb within layouts/application
  [1m[36mPost Load (2.4ms)[0m  [1m[34mSELECT "posts".* FROM "posts"[0m
  Rendered collection of templates [0 times] (0.1ms)
  Rendered posts/index.html.erb within layouts/application (13.4ms)
Completed 200 OK in 100ms (Views: 92.3ms | ActiveRecord: 2.4ms)


Started POST "/posts" for 127.0.0.1 at 2016-11-26 20:34:51 +0530
Processing by PostsController#create as JS
  Parameters: {"utf8"=>"✓", "post"=>{"title"=>"Second", "context"=>"sjjfjsc scskjcsjdsk"}, "commit"=>"Create"}
  [1m[35m (0.3ms)[0m  [1m[36mbegin transaction[0m
  [1m[35mSQL (2.4ms)[0m  [1m[32mINSERT INTO "posts" ("title", "context", "created_at", "updated_at") VALUES (?, ?, ?, ?)[0m  [["title", "Second"], ["context", "sjjfjsc scskjcsjdsk"], ["created_at", 2016-11-26 15:04:51 UTC], ["updated_at", 2016-11-26 15:04:51 UTC]]
  [1m[35m (87.5ms)[0m  [1m[36mcommit transaction[0m
  Rendering posts/create.js.erb
  Rendered posts/_post.html.erb (7.6ms)
  Rendered posts/create.js.erb (12.6ms)
Completed 200 OK in 125ms (Views: 19.7ms | ActiveRecord: 90.1ms)


Started GET "/posts" for 127.0.0.1 at 2016-11-26 20:35:05 +0530
Processing by PostsController#index as HTML
  Rendering posts/index.html.erb within layouts/application
  [1m[36mPost Load (0.6ms)[0m  [1m[34mSELECT "posts".* FROM "posts"[0m
  Rendered collection of posts/_post.html.erb [1 times] (12.0ms)
  Rendered posts/index.html.erb within layouts/application (23.9ms)
Completed 200 OK in 127ms (Views: 122.0ms | ActiveRecord: 0.6ms)


Started POST "/posts" for 127.0.0.1 at 2016-11-26 20:35:36 +0530
Processing by PostsController#create as JS
  Parameters: {"utf8"=>"✓", "post"=>{"title"=>"third", "context"=>"jkajkcac akcjkajscakjck"}, "commit"=>"Create"}
  [1m[35m (0.3ms)[0m  [1m[36mbegin transaction[0m
  [1m[35mSQL (0.8ms)[0m  [1m[32mINSERT INTO "posts" ("title", "context", "created_at", "updated_at") VALUES (?, ?, ?, ?)[0m  [["title", "third"], ["context", "jkajkcac akcjkajscakjck"], ["created_at", 2016-11-26 15:05:36 UTC], ["updated_at", 2016-11-26 15:05:36 UTC]]
  [1m[35m (52.0ms)[0m  [1m[36mcommit transaction[0m
  Rendering posts/create.js.erb
  Rendered posts/_post.html.erb (8.1ms)
  Rendered posts/create.js.erb (13.1ms)
Completed 200 OK in 89ms (Views: 19.1ms | ActiveRecord: 53.0ms)


Started GET "/posts" for 127.0.0.1 at 2016-11-26 20:36:10 +0530
Processing by PostsController#index as HTML
  Rendering posts/index.html.erb within layouts/application
  [1m[36mPost Load (0.5ms)[0m  [1m[34mSELECT "posts".* FROM "posts"[0m
  Rendered collection of posts/_post.html.erb [2 times] (15.1ms)
  Rendered posts/index.html.erb within layouts/application (25.1ms)
Completed 200 OK in 96ms (Views: 91.6ms | ActiveRecord: 0.5ms)


Started POST "/posts" for 127.0.0.1 at 2016-11-26 20:46:37 +0530
Processing by PostsController#create as JS
  Parameters: {"utf8"=>"✓", "post"=>{"title"=>"iklklk", "context"=>"kjkjbkbmbbmb"}, "commit"=>"Create"}
  [1m[35m (0.3ms)[0m  [1m[36mbegin transaction[0m
  [1m[35mSQL (5.0ms)[0m  [1m[32mINSERT INTO "posts" ("title", "context", "created_at", "updated_at") VALUES (?, ?, ?, ?)[0m  [["title", "iklklk"], ["context", "kjkjbkbmbbmb"], ["created_at", 2016-11-26 15:16:37 UTC], ["updated_at", 2016-11-26 15:16:37 UTC]]
  [1m[35m (107.1ms)[0m  [1m[36mcommit transaction[0m
  Rendering posts/create.js.erb
  Rendered posts/_post.html.erb (8.3ms)
  Rendered posts/create.js.erb (13.3ms)
Completed 200 OK in 148ms (Views: 19.2ms | ActiveRecord: 112.3ms)


Started GET "/" for 127.0.0.1 at 2016-11-26 20:46:58 +0530
Processing by PostsController#index as HTML
  Rendering posts/index.html.erb within layouts/application
  [1m[36mPost Load (0.6ms)[0m  [1m[34mSELECT "posts".* FROM "posts"[0m
  Rendered collection of posts/_post.html.erb [3 times] (21.1ms)
  Rendered posts/index.html.erb within layouts/application (33.5ms)
Completed 200 OK in 146ms (Views: 142.0ms | ActiveRecord: 0.6ms)


Started GET "/" for 127.0.0.1 at 2016-11-26 21:34:52 +0530
  [1m[36mActiveRecord::SchemaMigration Load (0.5ms)[0m  [1m[34mSELECT "schema_migrations".* FROM "schema_migrations"[0m
Processing by PostsController#index as HTML
  Rendering posts/index.html.erb within layouts/application
  [1m[36mPost Load (0.7ms)[0m  [1m[34mSELECT "posts".* FROM "posts"[0m
  Rendered collection of posts/_post.html.erb [3 times] (74.2ms)
  Rendered posts/index.html.erb within layouts/application (89.9ms)
Completed 200 OK in 1068ms (Views: 960.7ms | ActiveRecord: 3.1ms)


Started PUT "/posts/5" for 127.0.0.1 at 2016-11-26 21:35:04 +0530
Processing by PostsController#update as JS
  Parameters: {"utf8"=>"✓", "post"=>{"title"=>"Second", "context"=>"sjjfjsc "}, "commit"=>"Update", "id"=>"5"}
  [1m[36mPost Load (0.7ms)[0m  [1m[34mSELECT  "posts".* FROM "posts" WHERE "posts"."id" = ? LIMIT ?[0m  [["id", 5], ["LIMIT", 1]]
  [1m[35m (0.2ms)[0m  [1m[36mbegin transaction[0m
  [1m[35mSQL (3.6ms)[0m  [1m[33mUPDATE "posts" SET "context" = ?, "updated_at" = ? WHERE "posts"."id" = ?[0m  [["context", "sjjfjsc "], ["updated_at", 2016-11-26 16:05:04 UTC], ["id", 5]]
  [1m[35m (63.1ms)[0m  [1m[36mcommit transaction[0m
Redirected to http://localhost:3000/posts/5
Completed 200 OK in 104ms (ActiveRecord: 67.5ms)


Started GET "/posts/5" for 127.0.0.1 at 2016-11-26 21:35:04 +0530
Processing by PostsController#show as HTML
  Parameters: {"id"=>"5"}
  [1m[36mPost Load (0.4ms)[0m  [1m[34mSELECT  "posts".* FROM "posts" WHERE "posts"."id" = ? LIMIT ?[0m  [["id", 5], ["LIMIT", 1]]
  Rendering posts/show.html.erb within layouts/application
  Rendered posts/show.html.erb within layouts/application (4.4ms)
Completed 200 OK in 112ms (Views: 104.4ms | ActiveRecord: 0.4ms)


Started GET "/posts" for 127.0.0.1 at 2016-11-26 21:40:14 +0530
Processing by PostsController#index as HTML
  Rendering posts/index.html.erb within layouts/application
  [1m[36mPost Load (0.6ms)[0m  [1m[34mSELECT "posts".* FROM "posts"[0m
  Rendered collection of posts/_post.html.erb [3 times] (25.6ms)
  Rendered posts/index.html.erb within layouts/application (39.6ms)
Completed 200 OK in 224ms (Views: 179.4ms | ActiveRecord: 5.4ms)


Started PUT "/posts/6" for 127.0.0.1 at 2016-11-26 21:40:27 +0530
Processing by PostsController#update as JS
  Parameters: {"utf8"=>"✓", "post"=>{"title"=>"third", "context"=>"jkajkcac \r\n\r\n"}, "commit"=>"Update", "id"=>"6"}
  [1m[36mPost Load (0.7ms)[0m  [1m[34mSELECT  "posts".* FROM "posts" WHERE "posts"."id" = ? LIMIT ?[0m  [["id", 6], ["LIMIT", 1]]
  [1m[35m (0.2ms)[0m  [1m[36mbegin transaction[0m
  [1m[35mSQL (0.9ms)[0m  [1m[33mUPDATE "posts" SET "context" = ?, "updated_at" = ? WHERE "posts"."id" = ?[0m  [["context", "jkajkcac \r\n\r\n"], ["updated_at", 2016-11-26 16:10:27 UTC], ["id", 6]]
  [1m[35m (87.7ms)[0m  [1m[36mcommit transaction[0m
  Rendering posts/update.js.erb
  Rendered posts/_post.html.erb (14.7ms)
  Rendered posts/update.js.erb (22.4ms)
Completed 200 OK in 152ms (Views: 34.1ms | ActiveRecord: 89.5ms)


Started PUT "/posts/5" for 127.0.0.1 at 2016-11-26 21:40:51 +0530
Processing by PostsController#update as JS
  Parameters: {"utf8"=>"✓", "post"=>{"title"=>"Second", "context"=>"Updating"}, "commit"=>"Update", "id"=>"5"}
  [1m[36mPost Load (0.4ms)[0m  [1m[34mSELECT  "posts".* FROM "posts" WHERE "posts"."id" = ? LIMIT ?[0m  [["id", 5], ["LIMIT", 1]]
  [1m[35m (0.3ms)[0m  [1m[36mbegin transaction[0m
  [1m[35mSQL (1.5ms)[0m  [1m[33mUPDATE "posts" SET "context" = ?, "updated_at" = ? WHERE "posts"."id" = ?[0m  [["context", "Updating"], ["updated_at", 2016-11-26 16:10:51 UTC], ["id", 5]]
  [1m[35m (83.1ms)[0m  [1m[36mcommit transaction[0m
  Rendering posts/update.js.erb
  Rendered posts/_post.html.erb (14.0ms)
  Rendered posts/update.js.erb (21.8ms)
Completed 200 OK in 150ms (Views: 32.1ms | ActiveRecord: 85.4ms)


Started PUT "/posts/6" for 127.0.0.1 at 2016-11-26 21:41:18 +0530
Processing by PostsController#update as JS
  Parameters: {"utf8"=>"✓", "post"=>{"title"=>"third", "context"=>"updated 3\r\n"}, "commit"=>"Update", "id"=>"6"}
  [1m[36mPost Load (0.4ms)[0m  [1m[34mSELECT  "posts".* FROM "posts" WHERE "posts"."id" = ? LIMIT ?[0m  [["id", 6], ["LIMIT", 1]]
  [1m[35m (2.8ms)[0m  [1m[36mbegin transaction[0m
  [1m[35mSQL (8.9ms)[0m  [1m[33mUPDATE "posts" SET "context" = ?, "updated_at" = ? WHERE "posts"."id" = ?[0m  [["context", "updated 3\r\n"], ["updated_at", 2016-11-26 16:11:18 UTC], ["id", 6]]
  [1m[35m (123.6ms)[0m  [1m[36mcommit transaction[0m
  Rendering posts/update.js.erb
  Rendered posts/_post.html.erb (15.5ms)
  Rendered posts/update.js.erb (24.1ms)
Completed 200 OK in 191ms (Views: 32.4ms | ActiveRecord: 135.8ms)


Started POST "/posts" for 127.0.0.1 at 2016-11-26 21:42:14 +0530
Processing by PostsController#create as JS
  Parameters: {"utf8"=>"✓", "post"=>{"title"=>"Whoooooho", "context"=>"sfsf sfsdf"}, "commit"=>"Create"}
  [1m[35m (0.3ms)[0m  [1m[36mbegin transaction[0m
  [1m[35mSQL (5.8ms)[0m  [1m[32mINSERT INTO "posts" ("title", "context", "created_at", "updated_at") VALUES (?, ?, ?, ?)[0m  [["title", "Whoooooho"], ["context", "sfsf sfsdf"], ["created_at", 2016-11-26 16:12:14 UTC], ["updated_at", 2016-11-26 16:12:14 UTC]]
  [1m[35m (122.4ms)[0m  [1m[36mcommit transaction[0m
  Rendering posts/create.js.erb
  Rendered posts/_post.html.erb (16.0ms)
  Rendered posts/create.js.erb (23.5ms)
Completed 200 OK in 180ms (Views: 31.2ms | ActiveRecord: 128.5ms)


Started GET "/posts" for 127.0.0.1 at 2016-11-26 21:42:25 +0530
Processing by PostsController#index as HTML
  Rendering posts/index.html.erb within layouts/application
  [1m[36mPost Load (0.7ms)[0m  [1m[34mSELECT "posts".* FROM "posts"[0m
  Rendered collection of posts/_post.html.erb [4 times] (41.6ms)
  Rendered posts/index.html.erb within layouts/application (59.6ms)
Completed 200 OK in 157ms (Views: 150.6ms | ActiveRecord: 0.7ms)


Started GET "/" for 127.0.0.1 at 2016-11-28 19:45:25 +0530
  [1m[36mActiveRecord::SchemaMigration Load (0.2ms)[0m  [1m[34mSELECT "schema_migrations".* FROM "schema_migrations"[0m
Processing by PostsController#index as HTML
  Rendering posts/index.html.erb within layouts/application
  [1m[36mPost Load (0.6ms)[0m  [1m[34mSELECT "posts".* FROM "posts"[0m
  Rendered collection of posts/_post.html.erb [4 times] (94.7ms)
  Rendered posts/index.html.erb within layouts/application (171.3ms)
Completed 200 OK in 908ms (Views: 834.7ms | ActiveRecord: 1.2ms)


Started POST "/posts" for 127.0.0.1 at 2016-11-28 19:46:45 +0530
Processing by PostsController#create as JS
  Parameters: {"utf8"=>"✓", "post"=>{"title"=>"Check", "context"=>"scscs cskcsjd"}, "commit"=>"Create"}
  [1m[35m (0.3ms)[0m  [1m[36mbegin transaction[0m
  [1m[35mSQL (0.4ms)[0m  [1m[32mINSERT INTO "posts" ("title", "context", "created_at", "updated_at") VALUES (?, ?, ?, ?)[0m  [["title", "Check"], ["context", "scscs cskcsjd"], ["created_at", 2016-11-28 14:16:45 UTC], ["updated_at", 2016-11-28 14:16:45 UTC]]
  [1m[35m (69.1ms)[0m  [1m[36mcommit transaction[0m
  Rendering posts/create.js.erb
  Rendered posts/_post.html.erb (7.6ms)
  Rendered posts/create.js.erb (11.6ms)
Completed 200 OK in 114ms (Views: 16.3ms | ActiveRecord: 69.7ms)


Started GET "/" for 127.0.0.1 at 2016-11-28 19:47:40 +0530
Processing by PostsController#index as HTML
  Rendering posts/index.html.erb within layouts/application
  [1m[36mPost Load (0.6ms)[0m  [1m[34mSELECT "posts".* FROM "posts"[0m
  Rendered collection of posts/_post.html.erb [5 times] (16.9ms)
  Rendered posts/index.html.erb within layouts/application (23.3ms)
Completed 200 OK in 76ms (Views: 73.2ms | ActiveRecord: 0.6ms)


Started GET "/" for 127.0.0.1 at 2016-11-28 19:50:31 +0530
Processing by PostsController#index as HTML
  Rendering posts/index.html.erb within layouts/application
  [1m[36mPost Load (1.2ms)[0m  [1m[34mSELECT "posts".* FROM "posts"[0m
  Rendered collection of posts/_post.html.erb [5 times] (19.3ms)
  Rendered posts/index.html.erb within layouts/application (26.8ms)
Completed 200 OK in 68ms (Views: 64.9ms | ActiveRecord: 1.2ms)


Started POST "/posts" for 127.0.0.1 at 2016-11-28 19:50:43 +0530
Processing by PostsController#create as JS
  Parameters: {"utf8"=>"✓", "post"=>{"title"=>"Check2c", "context"=>"sdcs scdsc"}, "commit"=>"Create"}
  [1m[35m (0.1ms)[0m  [1m[36mbegin transaction[0m
  [1m[35mSQL (0.8ms)[0m  [1m[32mINSERT INTO "posts" ("title", "context", "created_at", "updated_at") VALUES (?, ?, ?, ?)[0m  [["title", "Check2c"], ["context", "sdcs scdsc"], ["created_at", 2016-11-28 14:20:43 UTC], ["updated_at", 2016-11-28 14:20:43 UTC]]
  [1m[35m (76.9ms)[0m  [1m[36mcommit transaction[0m
  Rendering posts/create.js.erb
  Rendered posts/_post.html.erb (3.7ms)
  Rendered posts/create.js.erb (5.7ms)
Completed 200 OK in 94ms (Views: 8.4ms | ActiveRecord: 77.9ms)


Started GET "/" for 127.0.0.1 at 2016-11-28 19:58:51 +0530
Processing by PostsController#index as HTML
  Rendering posts/index.html.erb within layouts/application
  [1m[36mPost Load (0.4ms)[0m  [1m[34mSELECT "posts".* FROM "posts"[0m
  Rendered collection of posts/_post.html.erb [6 times] (16.7ms)
  Rendered posts/index.html.erb within layouts/application (21.3ms)
Completed 200 OK in 45ms (Views: 42.8ms | ActiveRecord: 0.4ms)


Started POST "/posts" for 127.0.0.1 at 2016-11-28 19:59:23 +0530
Processing by PostsController#create as JS
  Parameters: {"utf8"=>"✓", "post"=>{"title"=>"Check3", "context"=>"svsv svs"}, "commit"=>"Create"}
  [1m[35m (0.1ms)[0m  [1m[36mbegin transaction[0m
  [1m[35mSQL (0.4ms)[0m  [1m[32mINSERT INTO "posts" ("title", "context", "created_at", "updated_at") VALUES (?, ?, ?, ?)[0m  [["title", "Check3"], ["context", "svsv svs"], ["created_at", 2016-11-28 14:29:23 UTC], ["updated_at", 2016-11-28 14:29:23 UTC]]
  [1m[35m (115.1ms)[0m  [1m[36mcommit transaction[0m
  Rendering posts/create.js.erb
  Rendered posts/_post.html.erb (4.5ms)
  Rendered posts/create.js.erb (7.0ms)
Completed 200 OK in 130ms (Views: 10.3ms | ActiveRecord: 115.6ms)


Started GET "/" for 127.0.0.1 at 2016-11-28 20:06:34 +0530
  [1m[36mActiveRecord::SchemaMigration Load (0.1ms)[0m  [1m[34mSELECT "schema_migrations".* FROM "schema_migrations"[0m
Processing by PostsController#index as HTML
  Rendering posts/index.html.erb within layouts/application
  [1m[36mPost Load (0.2ms)[0m  [1m[34mSELECT "posts".* FROM "posts"[0m
  Rendered collection of posts/_post.html.erb [7 times] (21.3ms)
  Rendered posts/index.html.erb within layouts/application (25.6ms)
Completed 200 OK in 261ms (Views: 245.4ms | ActiveRecord: 0.7ms)


Started POST "/posts" for 127.0.0.1 at 2016-11-28 20:06:43 +0530
Processing by PostsController#create as JS
  Parameters: {"utf8"=>"✓", "post"=>{"title"=>"adad", "context"=>"edade"}, "commit"=>"Create"}
  [1m[35m (0.1ms)[0m  [1m[36mbegin transaction[0m
  [1m[35mSQL (0.3ms)[0m  [1m[32mINSERT INTO "posts" ("title", "context", "created_at", "updated_at") VALUES (?, ?, ?, ?)[0m  [["title", "adad"], ["context", "edade"], ["created_at", 2016-11-28 14:36:43 UTC], ["updated_at", 2016-11-28 14:36:43 UTC]]
  [1m[35m (149.5ms)[0m  [1m[36mcommit transaction[0m
  Rendering posts/create.js.erb
  Rendered posts/_post.html.erb (6.2ms)
  Rendered posts/create.js.erb (9.6ms)
Completed 200 OK in 173ms (Views: 13.9ms | ActiveRecord: 149.8ms)


Started GET "/" for 127.0.0.1 at 2016-11-28 20:06:47 +0530
Processing by PostsController#index as HTML
  Rendering posts/index.html.erb within layouts/application
  [1m[36mPost Load (0.4ms)[0m  [1m[34mSELECT "posts".* FROM "posts"[0m
  Rendered collection of posts/_post.html.erb [8 times] (19.9ms)
  Rendered posts/index.html.erb within layouts/application (26.0ms)
Completed 200 OK in 55ms (Views: 52.2ms | ActiveRecord: 0.4ms)


Started GET "/" for 127.0.0.1 at 2016-11-29 19:50:33 +0530
  [1m[36mActiveRecord::SchemaMigration Load (0.2ms)[0m  [1m[34mSELECT "schema_migrations".* FROM "schema_migrations"[0m
Processing by PostsController#index as HTML
  Rendering posts/index.html.erb within layouts/application
  [1m[36mPost Load (0.2ms)[0m  [1m[34mSELECT "posts".* FROM "posts"[0m
  Rendered collection of posts/_post.html.erb [8 times] (27.1ms)
  Rendered posts/index.html.erb within layouts/application (39.3ms)
Completed 200 OK in 535ms (Views: 494.3ms | ActiveRecord: 0.8ms)


Started POST "/posts" for 127.0.0.1 at 2016-11-29 19:59:49 +0530
Processing by PostsController#create as JS
  Parameters: {"utf8"=>"✓", "post"=>{"title"=>"Check2", "context"=>"sfsfe"}, "commit"=>"Create"}
  [1m[35m (0.1ms)[0m  [1m[36mbegin transaction[0m
  [1m[35mSQL (1.2ms)[0m  [1m[32mINSERT INTO "posts" ("title", "context", "created_at", "updated_at") VALUES (?, ?, ?, ?)[0m  [["title", "Check2"], ["context", "sfsfe"], ["created_at", 2016-11-29 14:29:49 UTC], ["updated_at", 2016-11-29 14:29:49 UTC]]
  [1m[35m (69.3ms)[0m  [1m[36mcommit transaction[0m
  Rendering posts/create.js.erb
  Rendered posts/_post.html.erb (3.1ms)
  Rendered posts/create.js.erb (5.0ms)
Completed 200 OK in 85ms (Views: 7.2ms | ActiveRecord: 70.6ms)


Started PUT "/posts/7" for 127.0.0.1 at 2016-11-29 20:14:46 +0530
Processing by PostsController#update as JS
  Parameters: {"utf8"=>"✓", "post"=>{"title"=>"iklklk", "context"=>"kjkjb"}, "commit"=>"Update", "id"=>"7"}
  [1m[36mPost Load (0.2ms)[0m  [1m[34mSELECT  "posts".* FROM "posts" WHERE "posts"."id" = ? LIMIT ?[0m  [["id", 7], ["LIMIT", 1]]
  [1m[35m (0.1ms)[0m  [1m[36mbegin transaction[0m
  [1m[35mSQL (1.5ms)[0m  [1m[33mUPDATE "posts" SET "context" = ?, "updated_at" = ? WHERE "posts"."id" = ?[0m  [["context", "kjkjb"], ["updated_at", 2016-11-29 14:44:46 UTC], ["id", 7]]
  [1m[35m (60.4ms)[0m  [1m[36mcommit transaction[0m
  Rendering posts/update.js.erb
  Rendered posts/_post.html.erb (3.0ms)
  Rendered posts/update.js.erb (4.8ms)
Completed 200 OK in 85ms (Views: 6.6ms | ActiveRecord: 62.3ms)


Started PUT "/posts/6" for 127.0.0.1 at 2016-11-29 20:15:19 +0530
Processing by PostsController#update as JS
  Parameters: {"utf8"=>"✓", "post"=>{"title"=>"third4", "context"=>"updated 3\r\n"}, "commit"=>"Update", "id"=>"6"}
  [1m[36mPost Load (0.2ms)[0m  [1m[34mSELECT  "posts".* FROM "posts" WHERE "posts"."id" = ? LIMIT ?[0m  [["id", 6], ["LIMIT", 1]]
  [1m[35m (0.1ms)[0m  [1m[36mbegin transaction[0m
  [1m[35mSQL (0.3ms)[0m  [1m[33mUPDATE "posts" SET "title" = ?, "updated_at" = ? WHERE "posts"."id" = ?[0m  [["title", "third4"], ["updated_at", 2016-11-29 14:45:19 UTC], ["id", 6]]
  [1m[35m (68.6ms)[0m  [1m[36mcommit transaction[0m
  Rendering posts/update.js.erb
  Rendered posts/_post.html.erb (3.1ms)
  Rendered posts/update.js.erb (4.9ms)
Completed 200 OK in 83ms (Views: 7.1ms | ActiveRecord: 69.1ms)


Started GET "/" for 127.0.0.1 at 2016-11-30 13:35:34 +0530
  [1m[36mActiveRecord::SchemaMigration Load (0.2ms)[0m  [1m[34mSELECT "schema_migrations".* FROM "schema_migrations"[0m
Processing by PostsController#index as HTML
  Rendering posts/index.html.erb within layouts/application
  [1m[36mPost Load (0.4ms)[0m  [1m[34mSELECT "posts".* FROM "posts"[0m
  Rendered collection of posts/_post.html.erb [9 times] (113.4ms)
  Rendered posts/index.html.erb within layouts/application (140.7ms)
Completed 200 OK in 780ms (Views: 700.7ms | ActiveRecord: 1.2ms)


